<?xml version="1.0" encoding="UTF-8"?>
<testng-results skipped="0" failed="0" ignored="0" total="1" passed="1">
  <reporter-output>
  </reporter-output>
  <suite name="Default suite" duration-ms="72561" started-at="2022-09-16T18:37:13 IST" finished-at="2022-09-16T18:38:25 IST">
    <groups>
    </groups>
    <test name="Default test" duration-ms="72561" started-at="2022-09-16T18:37:13 IST" finished-at="2022-09-16T18:38:25 IST">
      <class name="org.xyz_PracticeTest.Practice">
        <test-method status="PASS" signature="setup()[pri:0, instance:org.xyz_PracticeTest.Practice@5d11346a]" name="setup" is-config="true" duration-ms="72117" started-at="2022-09-16T18:37:13 IST" finished-at="2022-09-16T18:38:25 IST">
          <reporter-output>
          </reporter-output>
        </test-method> <!-- setup -->
        <test-method status="PASS" signature="Iphone()[pri:0, instance:org.xyz_PracticeTest.Practice@5d11346a]" name="Iphone" duration-ms="331" started-at="2022-09-16T18:38:25 IST" finished-at="2022-09-16T18:38:25 IST">
          <reporter-output>
          </reporter-output>
        </test-method> <!-- Iphone -->
      </class> <!-- org.xyz_PracticeTest.Practice -->
    </test> <!-- Default test -->
  </suite> <!-- Default suite -->
</testng-results>
